<?xml version="1.0" encoding="UTF-8"?>
<testsuite xmlns:xsi="http://www.w3.org/2001/XMLSchema-instance" xsi:noNamespaceSchemaLocation="https://maven.apache.org/surefire/maven-surefire-plugin/xsd/surefire-test-report-3.0.xsd" version="3.0" name="TestSuite" time="122.729" tests="13" errors="0" skipped="0" failures="0">
  <properties>
[...]
</properties>
  <testcase name="runScenario[&quot;Login with valid credentials&quot;, &quot;User Login&quot;](1)" classname="runner.TestRunner" time="9.917">
    <system-out><![CDATA[
@all @login @validcredentials @smoke @regression
Scenario Outline: Login with valid credentials                    &amp#27;[90m# src/test/resources/features/Login.feature:17&amp#27;[0m
  &amp#27;[32mGiven &amp#27;[0m&amp#27;[32mUser navigates to Login page&amp#27;[0m                              &amp#27;[90m# stepdefinitions.Login.user_navigates_to_login_page()&amp#27;[0m
  &amp#27;[32mWhen &amp#27;[0m&amp#27;[32mUser enters valid email address &amp#27;[0m&amp#27;[32m&amp#27;[1mamotoori24122022@gmail.com&amp#27;[0m &amp#27;[90m# stepdefinitions.Login.user_enters_valid_email_address(java.lang.String)&amp#27;[0m
  &amp#27;[32mAnd &amp#27;[0m&amp#27;[32mEnters valid password &amp#27;[0m&amp#27;[32m&amp#27;[1m12345&amp#27;[0m                                 &amp#27;[90m# stepdefinitions.Login.enters_valid_password(java.lang.String)&amp#27;[0m
  &amp#27;[32mAnd &amp#27;[0m&amp#27;[32mClicks on Login button&amp#27;[0m                                      &amp#27;[90m# stepdefinitions.Login.clicks_on_login_button()&amp#27;[0m
  &amp#27;[32mThen &amp#27;[0m&amp#27;[32mUser should login successfully&amp#27;[0m                             &amp#27;[90m# stepdefinitions.Login.user_should_login_successfully()&amp#27;[0m
]]></system-out>
    <system-err><![CDATA[SLF4J: Failed to load class "org.slf4j.impl.StaticLoggerBinder".
SLF4J: Defaulting to no-operation (NOP) logger implementation
SLF4J: See http://www.slf4j.org/codes.html#StaticLoggerBinder for further details.
Jul 25, 2024 11:01:56 PM org.openqa.selenium.devtools.CdpVersionFinder findNearestMatch
WARNING: Unable to find CDP implementation matching 127
Jul 25, 2024 11:01:56 PM org.openqa.selenium.chromium.ChromiumDriver lambda$new$5
WARNING: Unable to find version of CDP to use for 127.0.6533.72. You may need to include a dependency on a specific version of the CDP using something similar to `org.seleniumhq.selenium:selenium-devtools-v86:4.15.0` where the version ("v86") matches the version of the chromium-based browser you're using and the version number of the artifact is the same as Selenium's.
]]></system-err>
  </testcase>
  <testcase name="runScenario[&quot;Login with valid credentials&quot;, &quot;User Login&quot;](2)" classname="runner.TestRunner" time="6.647">
    <system-out><![CDATA[
@all @login @validcredentials @smoke @regression
Scenario Outline: Login with valid credentials                &amp#27;[90m# src/test/resources/features/Login.feature:18&amp#27;[0m
  &amp#27;[32mGiven &amp#27;[0m&amp#27;[32mUser navigates to Login page&amp#27;[0m                          &amp#27;[90m# stepdefinitions.Login.user_navigates_to_login_page()&amp#27;[0m
  &amp#27;[32mWhen &amp#27;[0m&amp#27;[32mUser enters valid email address &amp#27;[0m&amp#27;[32m&amp#27;[1mamotooricap1@gmail.com&amp#27;[0m &amp#27;[90m# stepdefinitions.Login.user_enters_valid_email_address(java.lang.String)&amp#27;[0m
  &amp#27;[32mAnd &amp#27;[0m&amp#27;[32mEnters valid password &amp#27;[0m&amp#27;[32m&amp#27;[1m12345&amp#27;[0m                             &amp#27;[90m# stepdefinitions.Login.enters_valid_password(java.lang.String)&amp#27;[0m
  &amp#27;[32mAnd &amp#27;[0m&amp#27;[32mClicks on Login button&amp#27;[0m                                  &amp#27;[90m# stepdefinitions.Login.clicks_on_login_button()&amp#27;[0m
  &amp#27;[32mThen &amp#27;[0m&amp#27;[32mUser should login successfully&amp#27;[0m                         &amp#27;[90m# stepdefinitions.Login.user_should_login_successfully()&amp#27;[0m
]]></system-out>
    <system-err><![CDATA[Jul 25, 2024 11:02:05 PM org.openqa.selenium.devtools.CdpVersionFinder findNearestMatch
WARNING: Unable to find CDP implementation matching 127
Jul 25, 2024 11:02:05 PM org.openqa.selenium.chromium.ChromiumDriver lambda$new$5
WARNING: Unable to find version of CDP to use for 127.0.6533.72. You may need to include a dependency on a specific version of the CDP using something similar to `org.seleniumhq.selenium:selenium-devtools-v86:4.15.0` where the version ("v86") matches the version of the chromium-based browser you're using and the version number of the artifact is the same as Selenium's.
]]></system-err>
  </testcase>
  <testcase name="runScenario[&quot;Login with invalid credentials&quot;, &quot;User Login&quot;](3)" classname="runner.TestRunner" time="5.858">
    <system-out><![CDATA[
@all @login @invalidcredentials @smoke @regression
Scenario: Login with invalid credentials                          &amp#27;[90m# src/test/resources/features/Login.feature:21&amp#27;[0m
  &amp#27;[32mGiven &amp#27;[0m&amp#27;[32mUser navigates to Login page&amp#27;[0m                              &amp#27;[90m# stepdefinitions.Login.user_navigates_to_login_page()&amp#27;[0m
  &amp#27;[32mWhen &amp#27;[0m&amp#27;[32mUser enters invalid email address &amp#27;[0m&amp#27;[32m&amp#27;[1m"akasht358786@gmail.com"&amp#27;[0m &amp#27;[90m# stepdefinitions.Login.user_enters_invalid_email_address(java.lang.String)&amp#27;[0m
  &amp#27;[32mAnd &amp#27;[0m&amp#27;[32mEnters invalid password &amp#27;[0m&amp#27;[32m&amp#27;[1m"00012345"&amp#27;[0m                          &amp#27;[90m# stepdefinitions.Login.enters_invalid_password(java.lang.String)&amp#27;[0m
  &amp#27;[32mAnd &amp#27;[0m&amp#27;[32mClicks on Login button&amp#27;[0m                                      &amp#27;[90m# stepdefinitions.Login.clicks_on_login_button()&amp#27;[0m
  &amp#27;[32mThen &amp#27;[0m&amp#27;[32mUser should get a proper warning message&amp#27;[0m                   &amp#27;[90m# stepdefinitions.Login.user_should_get_a_proper_warning_message()&amp#27;[0m
]]></system-out>
    <system-err><![CDATA[Jul 25, 2024 11:02:11 PM org.openqa.selenium.devtools.CdpVersionFinder findNearestMatch
WARNING: Unable to find CDP implementation matching 127
Jul 25, 2024 11:02:11 PM org.openqa.selenium.chromium.ChromiumDriver lambda$new$5
WARNING: Unable to find version of CDP to use for 127.0.6533.72. You may need to include a dependency on a specific version of the CDP using something similar to `org.seleniumhq.selenium:selenium-devtools-v86:4.15.0` where the version ("v86") matches the version of the chromium-based browser you're using and the version number of the artifact is the same as Selenium's.
]]></system-err>
  </testcase>
  <testcase name="runScenario[&quot;Login with valid email address and invalid password&quot;, &quot;User Login&quot;](4)" classname="runner.TestRunner" time="5.844">
    <system-out><![CDATA[
@all @login @validemailandinvalidpassword @regression
Scenario: Login with valid email address and invalid password   &amp#27;[90m# src/test/resources/features/Login.feature:28&amp#27;[0m
  &amp#27;[32mGiven &amp#27;[0m&amp#27;[32mUser navigates to Login page&amp#27;[0m                            &amp#27;[90m# stepdefinitions.Login.user_navigates_to_login_page()&amp#27;[0m
  &amp#27;[32mWhen &amp#27;[0m&amp#27;[32mUser enters valid email address &amp#27;[0m&amp#27;[32m&amp#27;[1m"amotooricap9@gmail.com"&amp#27;[0m &amp#27;[90m# stepdefinitions.Login.user_enters_valid_email_address(java.lang.String)&amp#27;[0m
  &amp#27;[32mAnd &amp#27;[0m&amp#27;[32mEnters invalid password &amp#27;[0m&amp#27;[32m&amp#27;[1m"00012345"&amp#27;[0m                        &amp#27;[90m# stepdefinitions.Login.enters_invalid_password(java.lang.String)&amp#27;[0m
  &amp#27;[32mAnd &amp#27;[0m&amp#27;[32mClicks on Login button&amp#27;[0m                                    &amp#27;[90m# stepdefinitions.Login.clicks_on_login_button()&amp#27;[0m
  &amp#27;[32mThen &amp#27;[0m&amp#27;[32mUser should get a proper warning message&amp#27;[0m                 &amp#27;[90m# stepdefinitions.Login.user_should_get_a_proper_warning_message()&amp#27;[0m
]]></system-out>
    <system-err><![CDATA[Jul 25, 2024 11:02:17 PM org.openqa.selenium.devtools.CdpVersionFinder findNearestMatch
WARNING: Unable to find CDP implementation matching 127
Jul 25, 2024 11:02:17 PM org.openqa.selenium.chromium.ChromiumDriver lambda$new$5
WARNING: Unable to find version of CDP to use for 127.0.6533.72. You may need to include a dependency on a specific version of the CDP using something similar to `org.seleniumhq.selenium:selenium-devtools-v86:4.15.0` where the version ("v86") matches the version of the chromium-based browser you're using and the version number of the artifact is the same as Selenium's.
]]></system-err>
  </testcase>
  <testcase name="runScenario[&quot;Login with invalid email address and valid password&quot;, &quot;User Login&quot;](5)" classname="runner.TestRunner" time="5.663">
    <system-out><![CDATA[
@all @login @invalidemailandvalidpassword @regression
Scenario: Login with invalid email address and valid password        &amp#27;[90m# src/test/resources/features/Login.feature:35&amp#27;[0m
  &amp#27;[32mGiven &amp#27;[0m&amp#27;[32mUser navigates to Login page&amp#27;[0m                                 &amp#27;[90m# stepdefinitions.Login.user_navigates_to_login_page()&amp#27;[0m
  &amp#27;[32mWhen &amp#27;[0m&amp#27;[32mUser enters invalid email address &amp#27;[0m&amp#27;[32m&amp#27;[1m"amotooricap0009@gmail.com"&amp#27;[0m &amp#27;[90m# stepdefinitions.Login.user_enters_invalid_email_address(java.lang.String)&amp#27;[0m
  &amp#27;[32mAnd &amp#27;[0m&amp#27;[32mEnters valid password &amp#27;[0m&amp#27;[32m&amp#27;[1m"12345"&amp#27;[0m                                  &amp#27;[90m# stepdefinitions.Login.enters_valid_password(java.lang.String)&amp#27;[0m
  &amp#27;[32mAnd &amp#27;[0m&amp#27;[32mClicks on Login button&amp#27;[0m                                         &amp#27;[90m# stepdefinitions.Login.clicks_on_login_button()&amp#27;[0m
  &amp#27;[32mThen &amp#27;[0m&amp#27;[32mUser should get a proper warning message&amp#27;[0m                      &amp#27;[90m# stepdefinitions.Login.user_should_get_a_proper_warning_message()&amp#27;[0m
]]></system-out>
    <system-err><![CDATA[Jul 25, 2024 11:02:23 PM org.openqa.selenium.devtools.CdpVersionFinder findNearestMatch
WARNING: Unable to find CDP implementation matching 127
Jul 25, 2024 11:02:23 PM org.openqa.selenium.chromium.ChromiumDriver lambda$new$5
WARNING: Unable to find version of CDP to use for 127.0.6533.72. You may need to include a dependency on a specific version of the CDP using something similar to `org.seleniumhq.selenium:selenium-devtools-v86:4.15.0` where the version ("v86") matches the version of the chromium-based browser you're using and the version number of the artifact is the same as Selenium's.
]]></system-err>
  </testcase>
  <testcase name="runScenario[&quot;Login without providing any credentials&quot;, &quot;User Login&quot;](6)" classname="runner.TestRunner" time="5.181">
    <system-out><![CDATA[
@all @login @nocredentials @regression
Scenario: Login without providing any credentials &amp#27;[90m# src/test/resources/features/Login.feature:42&amp#27;[0m
  &amp#27;[32mGiven &amp#27;[0m&amp#27;[32mUser navigates to Login page&amp#27;[0m              &amp#27;[90m# stepdefinitions.Login.user_navigates_to_login_page()&amp#27;[0m
  &amp#27;[32mWhen &amp#27;[0m&amp#27;[32mUser dont enters any credentials&amp#27;[0m           &amp#27;[90m# stepdefinitions.Login.user_dont_enters_any_credentials()&amp#27;[0m
  &amp#27;[32mAnd &amp#27;[0m&amp#27;[32mClicks on Login button&amp#27;[0m                      &amp#27;[90m# stepdefinitions.Login.clicks_on_login_button()&amp#27;[0m
  &amp#27;[32mThen &amp#27;[0m&amp#27;[32mUser should get a proper warning message&amp#27;[0m   &amp#27;[90m# stepdefinitions.Login.user_should_get_a_proper_warning_message()&amp#27;[0m
]]></system-out>
    <system-err><![CDATA[Jul 25, 2024 11:02:29 PM org.openqa.selenium.devtools.CdpVersionFinder findNearestMatch
WARNING: Unable to find CDP implementation matching 127
Jul 25, 2024 11:02:29 PM org.openqa.selenium.chromium.ChromiumDriver lambda$new$5
WARNING: Unable to find version of CDP to use for 127.0.6533.72. You may need to include a dependency on a specific version of the CDP using something similar to `org.seleniumhq.selenium:selenium-devtools-v86:4.15.0` where the version ("v86") matches the version of the chromium-based browser you're using and the version number of the artifact is the same as Selenium's.
]]></system-err>
  </testcase>
  <testcase name="runScenario[&quot;User creates an account only with mandatory fields&quot;, &quot;User Registration&quot;](7)" classname="runner.TestRunner" time="14.66">
    <system-out><![CDATA[
@all @register @mandatory @smoke @regression
Scenario: User creates an account only with mandatory fields &amp#27;[90m# src/test/resources/features/Register.feature:10&amp#27;[0m
  &amp#27;[32mGiven &amp#27;[0m&amp#27;[32mUser navigates to Register Account page&amp#27;[0m              &amp#27;[90m# stepdefinitions.Register.user_navigates_to_register_account_page()&amp#27;[0m
  &amp#27;[32mWhen &amp#27;[0m&amp#27;[32mUser enters details into below fields&amp#27;[0m                 &amp#27;[90m# stepdefinitions.Register.user_enters_details_into_below_fields(io.cucumber.datatable.DataTable)&amp#27;[0m
    | firstName | Akash      |
    | lastName  | Thorat     |
    | telephone | 1234567890 |
    | password  | 12345      |
  &amp#27;[32mAnd &amp#27;[0m&amp#27;[32mUser selects Privacy Policy field&amp#27;[0m                      &amp#27;[90m# stepdefinitions.Register.user_selects_privacy_policy_field()&amp#27;[0m
  &amp#27;[32mAnd &amp#27;[0m&amp#27;[32mUser clicks on Continue button&amp#27;[0m                         &amp#27;[90m# stepdefinitions.Register.user_clicks_on_continue_button()&amp#27;[0m
  &amp#27;[32mThen &amp#27;[0m&amp#27;[32mUser account should get created successfully&amp#27;[0m          &amp#27;[90m# stepdefinitions.Register.user_account_should_get_created_successfully()&amp#27;[0m
]]></system-out>
    <system-err><![CDATA[Jul 25, 2024 11:02:34 PM org.openqa.selenium.devtools.CdpVersionFinder findNearestMatch
WARNING: Unable to find CDP implementation matching 127
Jul 25, 2024 11:02:34 PM org.openqa.selenium.chromium.ChromiumDriver lambda$new$5
WARNING: Unable to find version of CDP to use for 127.0.6533.72. You may need to include a dependency on a specific version of the CDP using something similar to `org.seleniumhq.selenium:selenium-devtools-v86:4.15.0` where the version ("v86") matches the version of the chromium-based browser you're using and the version number of the artifact is the same as Selenium's.
]]></system-err>
  </testcase>
  <testcase name="runScenario[&quot;User creates an account with all fields&quot;, &quot;User Registration&quot;](8)" classname="runner.TestRunner" time="14.165">
    <system-out><![CDATA[
@all @register @allfields @smoke @regression
Scenario: User creates an account with all fields   &amp#27;[90m# src/test/resources/features/Register.feature:22&amp#27;[0m
  &amp#27;[32mGiven &amp#27;[0m&amp#27;[32mUser navigates to Register Account page&amp#27;[0m     &amp#27;[90m# stepdefinitions.Register.user_navigates_to_register_account_page()&amp#27;[0m
  &amp#27;[32mWhen &amp#27;[0m&amp#27;[32mUser enters details into below fields&amp#27;[0m        &amp#27;[90m# stepdefinitions.Register.user_enters_details_into_below_fields(io.cucumber.datatable.DataTable)&amp#27;[0m
    | firstName | Akash      |
    | lastName  | Thorat     |
    | telephone | 1234567890 |
    | password  | 12345      |
  &amp#27;[32mAnd &amp#27;[0m&amp#27;[32mUser selects Yes for Newsletter&amp#27;[0m               &amp#27;[90m# stepdefinitions.Register.user_selects_yes_for_newsletter()&amp#27;[0m
  &amp#27;[32mAnd &amp#27;[0m&amp#27;[32mUser selects Privacy Policy field&amp#27;[0m             &amp#27;[90m# stepdefinitions.Register.user_selects_privacy_policy_field()&amp#27;[0m
  &amp#27;[32mAnd &amp#27;[0m&amp#27;[32mUser clicks on Continue button&amp#27;[0m                &amp#27;[90m# stepdefinitions.Register.user_clicks_on_continue_button()&amp#27;[0m
  &amp#27;[32mThen &amp#27;[0m&amp#27;[32mUser account should get created successfully&amp#27;[0m &amp#27;[90m# stepdefinitions.Register.user_account_should_get_created_successfully()&amp#27;[0m
]]></system-out>
    <system-err><![CDATA[Jul 25, 2024 11:02:48 PM org.openqa.selenium.devtools.CdpVersionFinder findNearestMatch
WARNING: Unable to find CDP implementation matching 127
Jul 25, 2024 11:02:48 PM org.openqa.selenium.chromium.ChromiumDriver lambda$new$5
WARNING: Unable to find version of CDP to use for 127.0.6533.72. You may need to include a dependency on a specific version of the CDP using something similar to `org.seleniumhq.selenium:selenium-devtools-v86:4.15.0` where the version ("v86") matches the version of the chromium-based browser you're using and the version number of the artifact is the same as Selenium's.
]]></system-err>
  </testcase>
  <testcase name="runScenario[&quot;User creates a duplicate account&quot;, &quot;User Registration&quot;](9)" classname="runner.TestRunner" time="13.999">
    <system-out><![CDATA[
@all @register @duplicatemail @regression
Scenario: User creates a duplicate account                                          &amp#27;[90m# src/test/resources/features/Register.feature:34&amp#27;[0m
  &amp#27;[32mGiven &amp#27;[0m&amp#27;[32mUser navigates to Register Account page&amp#27;[0m                                     &amp#27;[90m# stepdefinitions.Register.user_navigates_to_register_account_page()&amp#27;[0m
  &amp#27;[32mWhen &amp#27;[0m&amp#27;[32mUser enters details into below fields&amp#27;[0m                                        &amp#27;[90m# stepdefinitions.Register.user_enters_details_into_below_fields(io.cucumber.datatable.DataTable)&amp#27;[0m
    | firstName | Akash                      |
    | lastName  | Thorat                     |
    | email     | amotoori24122022@gmail.com |
    | telephone | 1234567890                 |
    | password  | 12345                      |
  &amp#27;[32mAnd &amp#27;[0m&amp#27;[32mUser enters email address &amp#27;[0m&amp#27;[32m&amp#27;[1m"thorata89@gmail.com"&amp#27;[0m&amp#27;[32m into the Email field field&amp#27;[0m    &amp#27;[90m# stepdefinitions.Register.user_enters_email_address_into_the_email_field_field(java.lang.String)&amp#27;[0m
  &amp#27;[32mAnd &amp#27;[0m&amp#27;[32mUser selects Yes for Newsletter&amp#27;[0m                                               &amp#27;[90m# stepdefinitions.Register.user_selects_yes_for_newsletter()&amp#27;[0m
  &amp#27;[32mAnd &amp#27;[0m&amp#27;[32mUser selects Privacy Policy field&amp#27;[0m                                             &amp#27;[90m# stepdefinitions.Register.user_selects_privacy_policy_field()&amp#27;[0m
  &amp#27;[32mAnd &amp#27;[0m&amp#27;[32mUser clicks on Continue button&amp#27;[0m                                                &amp#27;[90m# stepdefinitions.Register.user_clicks_on_continue_button()&amp#27;[0m
  &amp#27;[32mThen &amp#27;[0m&amp#27;[32mWarning message informing the User about duplicate email should be displayed&amp#27;[0m &amp#27;[90m# stepdefinitions.Register.warning_message_informing_the_user_about_duplicate_email_should_be_displayed()&amp#27;[0m
]]></system-out>
    <system-err><![CDATA[Jul 25, 2024 11:03:03 PM org.openqa.selenium.devtools.CdpVersionFinder findNearestMatch
WARNING: Unable to find CDP implementation matching 127
Jul 25, 2024 11:03:03 PM org.openqa.selenium.chromium.ChromiumDriver lambda$new$5
WARNING: Unable to find version of CDP to use for 127.0.6533.72. You may need to include a dependency on a specific version of the CDP using something similar to `org.seleniumhq.selenium:selenium-devtools-v86:4.15.0` where the version ("v86") matches the version of the chromium-based browser you're using and the version number of the artifact is the same as Selenium's.
]]></system-err>
  </testcase>
  <testcase name="runScenario[&quot;User creates an account without filling any details&quot;, &quot;User Registration&quot;](10)" classname="runner.TestRunner" time="22.23">
    <system-out><![CDATA[
@all @register @nodetails @regression
Scenario: User creates an account without filling any details        &amp#27;[90m# src/test/resources/features/Register.feature:48&amp#27;[0m
  &amp#27;[32mGiven &amp#27;[0m&amp#27;[32mUser navigates to Register Account page&amp#27;[0m                      &amp#27;[90m# stepdefinitions.Register.user_navigates_to_register_account_page()&amp#27;[0m
  &amp#27;[32mGiven &amp#27;[0m&amp#27;[32mUser navigates to Register Account page&amp#27;[0m                      &amp#27;[90m# stepdefinitions.Register.user_navigates_to_register_account_page()&amp#27;[0m
  &amp#27;[32mWhen &amp#27;[0m&amp#27;[32mUser dont enter details into any fields&amp#27;[0m                       &amp#27;[90m# stepdefinitions.Register.user_dont_enter_details_into_any_fields()&amp#27;[0m
  &amp#27;[32mAnd &amp#27;[0m&amp#27;[32mUser clicks on Continue button&amp#27;[0m                                 &amp#27;[90m# stepdefinitions.Register.user_clicks_on_continue_button()&amp#27;[0m
  &amp#27;[32mThen &amp#27;[0m&amp#27;[32mWarning messages should be displayed for the mandatory fields&amp#27;[0m &amp#27;[90m# stepdefinitions.Register.warning_messages_should_be_displayed_for_the_mandatory_fields()&amp#27;[0m
]]></system-out>
    <system-err><![CDATA[Jul 25, 2024 11:03:17 PM org.openqa.selenium.devtools.CdpVersionFinder findNearestMatch
WARNING: Unable to find CDP implementation matching 127
Jul 25, 2024 11:03:17 PM org.openqa.selenium.chromium.ChromiumDriver lambda$new$5
WARNING: Unable to find version of CDP to use for 127.0.6533.72. You may need to include a dependency on a specific version of the CDP using something similar to `org.seleniumhq.selenium:selenium-devtools-v86:4.15.0` where the version ("v86") matches the version of the chromium-based browser you're using and the version number of the artifact is the same as Selenium's.
]]></system-err>
  </testcase>
  <testcase name="runScenario[&quot;Search for a valid product&quot;, &quot;Search functionality&quot;](11)" classname="runner.TestRunner" time="4.741">
    <system-out><![CDATA[
@all @search @validproduct @smoke @regression
Scenario: Search for a valid product                        &amp#27;[90m# src/test/resources/features/Search.feature:6&amp#27;[0m
  &amp#27;[32mGiven &amp#27;[0m&amp#27;[32mUser open the application&amp#27;[0m                           &amp#27;[90m# stepdefinitions.Search.user_open_the_application()&amp#27;[0m
  &amp#27;[32mWhen &amp#27;[0m&amp#27;[32mUser enter valid product &amp#27;[0m&amp#27;[32m&amp#27;[1m"HP"&amp#27;[0m&amp#27;[32m into search field&amp#27;[0m      &amp#27;[90m# stepdefinitions.Search.user_enter_valid_product_into_search_field(java.lang.String)&amp#27;[0m
  &amp#27;[32mAnd &amp#27;[0m&amp#27;[32mUser click on Search button&amp#27;[0m                           &amp#27;[90m# stepdefinitions.Search.user_click_on_search_button()&amp#27;[0m
  &amp#27;[32mThen &amp#27;[0m&amp#27;[32mValid Product should get displayed in search results&amp#27;[0m &amp#27;[90m# stepdefinitions.Search.valid_product_should_get_displayed_in_search_results()&amp#27;[0m
]]></system-out>
    <system-err><![CDATA[Jul 25, 2024 11:03:39 PM org.openqa.selenium.devtools.CdpVersionFinder findNearestMatch
WARNING: Unable to find CDP implementation matching 127
Jul 25, 2024 11:03:39 PM org.openqa.selenium.chromium.ChromiumDriver lambda$new$5
WARNING: Unable to find version of CDP to use for 127.0.6533.72. You may need to include a dependency on a specific version of the CDP using something similar to `org.seleniumhq.selenium:selenium-devtools-v86:4.15.0` where the version ("v86") matches the version of the chromium-based browser you're using and the version number of the artifact is the same as Selenium's.
]]></system-err>
  </testcase>
  <testcase name="runScenario[&quot;Search for a non-existing product&quot;, &quot;Search functionality&quot;](12)" classname="runner.TestRunner" time="4.923">
    <system-out><![CDATA[
@all @search @nonexistingproduct @regression
Scenario: Search for a non-existing product                                         &amp#27;[90m# src/test/resources/features/Search.feature:13&amp#27;[0m
  &amp#27;[32mGiven &amp#27;[0m&amp#27;[32mUser open the application&amp#27;[0m                                                   &amp#27;[90m# stepdefinitions.Search.user_open_the_application()&amp#27;[0m
  &amp#27;[32mWhen &amp#27;[0m&amp#27;[32mUser enter non-existing product &amp#27;[0m&amp#27;[32m&amp#27;[1m"Honda"&amp#27;[0m&amp#27;[32m  into search field&amp#27;[0m                   &amp#27;[90m# stepdefinitions.Search.user_enter_non_existing_product_into_search_field(java.lang.String)&amp#27;[0m
  &amp#27;[32mAnd &amp#27;[0m&amp#27;[32mUser click on Search button&amp#27;[0m                                                   &amp#27;[90m# stepdefinitions.Search.user_click_on_search_button()&amp#27;[0m
  &amp#27;[32mThen &amp#27;[0m&amp#27;[32mProper text informing the User about no product matching should be displayed&amp#27;[0m &amp#27;[90m# stepdefinitions.Search.proper_text_informing_the_user_about_no_product_matching_should_be_displayed()&amp#27;[0m
]]></system-out>
    <system-err><![CDATA[Jul 25, 2024 11:03:44 PM org.openqa.selenium.devtools.CdpVersionFinder findNearestMatch
WARNING: Unable to find CDP implementation matching 127
Jul 25, 2024 11:03:44 PM org.openqa.selenium.chromium.ChromiumDriver lambda$new$5
WARNING: Unable to find version of CDP to use for 127.0.6533.72. You may need to include a dependency on a specific version of the CDP using something similar to `org.seleniumhq.selenium:selenium-devtools-v86:4.15.0` where the version ("v86") matches the version of the chromium-based browser you're using and the version number of the artifact is the same as Selenium's.
]]></system-err>
  </testcase>
  <testcase name="runScenario[&quot;Search without providing any product&quot;, &quot;Search functionality&quot;](13)" classname="runner.TestRunner" time="4.334">
    <system-out><![CDATA[
@all @search @noproduct @regression
Scenario: Search without providing any product                                      &amp#27;[90m# src/test/resources/features/Search.feature:21&amp#27;[0m
  &amp#27;[32mGiven &amp#27;[0m&amp#27;[32mUser open the application&amp#27;[0m                                                   &amp#27;[90m# stepdefinitions.Search.user_open_the_application()&amp#27;[0m
  &amp#27;[32mWhen &amp#27;[0m&amp#27;[32mUser dont enter any product into search field&amp#27;[0m                                &amp#27;[90m# stepdefinitions.Search.user_dont_enter_any_product_into_search_field()&amp#27;[0m
  &amp#27;[32mAnd &amp#27;[0m&amp#27;[32mUser click on Search button&amp#27;[0m                                                   &amp#27;[90m# stepdefinitions.Search.user_click_on_search_button()&amp#27;[0m
  &amp#27;[32mThen &amp#27;[0m&amp#27;[32mProper text informing the User about no product matching should be displayed&amp#27;[0m &amp#27;[90m# stepdefinitions.Search.proper_text_informing_the_user_about_no_product_matching_should_be_displayed()&amp#27;[0m
]]></system-out>
    <system-err><![CDATA[Jul 25, 2024 11:03:48 PM org.openqa.selenium.devtools.CdpVersionFinder findNearestMatch
WARNING: Unable to find CDP implementation matching 127
Jul 25, 2024 11:03:48 PM org.openqa.selenium.chromium.ChromiumDriver lambda$new$5
WARNING: Unable to find version of CDP to use for 127.0.6533.72. You may need to include a dependency on a specific version of the CDP using something similar to `org.seleniumhq.selenium:selenium-devtools-v86:4.15.0` where the version ("v86") matches the version of the chromium-based browser you're using and the version number of the artifact is the same as Selenium's.
]]></system-err>
  </testcase>
</testsuite>